Shriraj.
*** Reading local file: /home/shriraj/airflow/logs/dag_id=stock_dag/run_id=manual__2023-05-02T01:32:41.021671+00:00/task_id=process_raw_data/attempt=1.log
[2023-05-01T21:33:30.741-0400] {taskinstance.py:1090} INFO - Dependencies all met for dep_context=non-requeueable deps ti=<TaskInstance: stock_dag.process_raw_data manual__2023-05-02T01:32:41.021671+00:00 [queued]>
[2023-05-01T21:33:30.747-0400] {taskinstance.py:1090} INFO - Dependencies all met for dep_context=requeueable deps ti=<TaskInstance: stock_dag.process_raw_data manual__2023-05-02T01:32:41.021671+00:00 [queued]>
[2023-05-01T21:33:30.748-0400] {taskinstance.py:1288} INFO - 
--------------------------------------------------------------------------------
[2023-05-01T21:33:30.748-0400] {taskinstance.py:1289} INFO - Starting attempt 1 of 2
[2023-05-01T21:33:30.748-0400] {taskinstance.py:1290} INFO - 
--------------------------------------------------------------------------------
[2023-05-01T21:33:30.768-0400] {taskinstance.py:1309} INFO - Executing <Task(PythonOperator): process_raw_data> on 2023-05-02 01:32:41.021671+00:00
[2023-05-01T21:33:30.772-0400] {standard_task_runner.py:55} INFO - Started process 31574 to run task
[2023-05-01T21:33:30.775-0400] {standard_task_runner.py:82} INFO - Running: ['airflow', 'tasks', 'run', 'stock_dag', 'process_raw_data', 'manual__2023-05-02T01:32:41.021671+00:00', '--job-id', '304', '--raw', '--subdir', 'DAGS_FOLDER/test_dag.py', '--cfg-path', '/tmp/tmp2ebyjoym']
[2023-05-01T21:33:30.775-0400] {standard_task_runner.py:83} INFO - Job 304: Subtask process_raw_data
[2023-05-01T21:33:30.823-0400] {task_command.py:389} INFO - Running <TaskInstance: stock_dag.process_raw_data manual__2023-05-02T01:32:41.021671+00:00 [running]> on host Shriraj.
[2023-05-01T21:33:30.904-0400] {taskinstance.py:1516} INFO - Exporting the following env vars:
AIRFLOW_CTX_DAG_EMAIL=airflow@example.com
AIRFLOW_CTX_DAG_OWNER=airflow
AIRFLOW_CTX_DAG_ID=stock_dag
AIRFLOW_CTX_TASK_ID=process_raw_data
AIRFLOW_CTX_EXECUTION_DATE=2023-05-02T01:32:41.021671+00:00
AIRFLOW_CTX_TRY_NUMBER=1
AIRFLOW_CTX_DAG_RUN_ID=manual__2023-05-02T01:32:41.021671+00:00
[2023-05-01T21:33:55.501-0400] {python.py:177} INFO - Done. Returned value was: processed_files/processed_data.csv
[2023-05-01T21:33:55.526-0400] {taskinstance.py:1327} INFO - Marking task as SUCCESS. dag_id=stock_dag, task_id=process_raw_data, execution_date=20230502T013241, start_date=20230502T013330, end_date=20230502T013355
[2023-05-01T21:33:55.586-0400] {local_task_job.py:212} INFO - Task exited with return code 0
[2023-05-01T21:33:55.602-0400] {taskinstance.py:2596} INFO - 1 downstream tasks scheduled from follow-on schedule check

