Shriraj.
*** Reading local file: /home/shriraj/airflow/logs/dag_id=stock_dag/run_id=manual__2023-05-02T01:32:41.021671+00:00/task_id=Data_Extraction/attempt=1.log
[2023-05-01T21:32:45.053-0400] {taskinstance.py:1090} INFO - Dependencies all met for dep_context=non-requeueable deps ti=<TaskInstance: stock_dag.Data_Extraction manual__2023-05-02T01:32:41.021671+00:00 [queued]>
[2023-05-01T21:32:45.062-0400] {taskinstance.py:1090} INFO - Dependencies all met for dep_context=requeueable deps ti=<TaskInstance: stock_dag.Data_Extraction manual__2023-05-02T01:32:41.021671+00:00 [queued]>
[2023-05-01T21:32:45.062-0400] {taskinstance.py:1288} INFO - 
--------------------------------------------------------------------------------
[2023-05-01T21:32:45.062-0400] {taskinstance.py:1289} INFO - Starting attempt 1 of 2
[2023-05-01T21:32:45.062-0400] {taskinstance.py:1290} INFO - 
--------------------------------------------------------------------------------
[2023-05-01T21:32:45.087-0400] {taskinstance.py:1309} INFO - Executing <Task(PythonOperator): Data_Extraction> on 2023-05-02 01:32:41.021671+00:00
[2023-05-01T21:32:45.091-0400] {standard_task_runner.py:55} INFO - Started process 30849 to run task
[2023-05-01T21:32:45.095-0400] {standard_task_runner.py:82} INFO - Running: ['airflow', 'tasks', 'run', 'stock_dag', 'Data_Extraction', 'manual__2023-05-02T01:32:41.021671+00:00', '--job-id', '303', '--raw', '--subdir', 'DAGS_FOLDER/test_dag.py', '--cfg-path', '/tmp/tmpwzwy9tzf']
[2023-05-01T21:32:45.097-0400] {standard_task_runner.py:83} INFO - Job 303: Subtask Data_Extraction
[2023-05-01T21:32:45.150-0400] {task_command.py:389} INFO - Running <TaskInstance: stock_dag.Data_Extraction manual__2023-05-02T01:32:41.021671+00:00 [running]> on host Shriraj.
[2023-05-01T21:32:45.231-0400] {taskinstance.py:1516} INFO - Exporting the following env vars:
AIRFLOW_CTX_DAG_EMAIL=airflow@example.com
AIRFLOW_CTX_DAG_OWNER=airflow
AIRFLOW_CTX_DAG_ID=stock_dag
AIRFLOW_CTX_TASK_ID=Data_Extraction
AIRFLOW_CTX_EXECUTION_DATE=2023-05-02T01:32:41.021671+00:00
AIRFLOW_CTX_TRY_NUMBER=1
AIRFLOW_CTX_DAG_RUN_ID=manual__2023-05-02T01:32:41.021671+00:00
[2023-05-01T21:33:27.300-0400] {python.py:177} INFO - Done. Returned value was: None
[2023-05-01T21:33:27.305-0400] {taskinstance.py:1327} INFO - Marking task as SUCCESS. dag_id=stock_dag, task_id=Data_Extraction, execution_date=20230502T013241, start_date=20230502T013245, end_date=20230502T013327
[2023-05-01T21:33:27.357-0400] {local_task_job.py:212} INFO - Task exited with return code 0
[2023-05-01T21:33:27.373-0400] {taskinstance.py:2596} INFO - 1 downstream tasks scheduled from follow-on schedule check

