Shriraj.
*** Reading local file: /home/shriraj/airflow/logs/dag_id=stock_dag/run_id=manual__2023-05-02T01:32:41.021671+00:00/task_id=integrate_ml_training/attempt=1.log
[2023-05-01T21:34:16.675-0400] {taskinstance.py:1090} INFO - Dependencies all met for dep_context=non-requeueable deps ti=<TaskInstance: stock_dag.integrate_ml_training manual__2023-05-02T01:32:41.021671+00:00 [queued]>
[2023-05-01T21:34:16.690-0400] {taskinstance.py:1090} INFO - Dependencies all met for dep_context=requeueable deps ti=<TaskInstance: stock_dag.integrate_ml_training manual__2023-05-02T01:32:41.021671+00:00 [queued]>
[2023-05-01T21:34:16.690-0400] {taskinstance.py:1288} INFO - 
--------------------------------------------------------------------------------
[2023-05-01T21:34:16.690-0400] {taskinstance.py:1289} INFO - Starting attempt 1 of 2
[2023-05-01T21:34:16.690-0400] {taskinstance.py:1290} INFO - 
--------------------------------------------------------------------------------
[2023-05-01T21:34:16.746-0400] {taskinstance.py:1309} INFO - Executing <Task(PythonOperator): integrate_ml_training> on 2023-05-02 01:32:41.021671+00:00
[2023-05-01T21:34:16.751-0400] {standard_task_runner.py:55} INFO - Started process 32275 to run task
[2023-05-01T21:34:16.753-0400] {standard_task_runner.py:82} INFO - Running: ['airflow', 'tasks', 'run', 'stock_dag', 'integrate_ml_training', 'manual__2023-05-02T01:32:41.021671+00:00', '--job-id', '306', '--raw', '--subdir', 'DAGS_FOLDER/test_dag.py', '--cfg-path', '/tmp/tmpow94dxu8']
[2023-05-01T21:34:16.754-0400] {standard_task_runner.py:83} INFO - Job 306: Subtask integrate_ml_training
[2023-05-01T21:34:16.798-0400] {task_command.py:389} INFO - Running <TaskInstance: stock_dag.integrate_ml_training manual__2023-05-02T01:32:41.021671+00:00 [running]> on host Shriraj.
[2023-05-01T21:34:17.034-0400] {taskinstance.py:1516} INFO - Exporting the following env vars:
AIRFLOW_CTX_DAG_EMAIL=airflow@example.com
AIRFLOW_CTX_DAG_OWNER=airflow
AIRFLOW_CTX_DAG_ID=stock_dag
AIRFLOW_CTX_TASK_ID=integrate_ml_training
AIRFLOW_CTX_EXECUTION_DATE=2023-05-02T01:32:41.021671+00:00
AIRFLOW_CTX_TRY_NUMBER=1
AIRFLOW_CTX_DAG_RUN_ID=manual__2023-05-02T01:32:41.021671+00:00
[2023-05-01T21:34:19.190-0400] {utils.py:160} INFO - NumExpr defaulting to 8 threads.
[2023-05-01T21:38:09.697-0400] {logging_mixin.py:137} WARNING - 2023-05-01 21:38:09,695 - INFO - Training completed. Mean Absolute Error: 1387072.2902153872. Mean Squared Error: 51663143468956.18.
[2023-05-01T21:38:09.695-0400] {ml_training.py:73} INFO - Training completed. Mean Absolute Error: 1387072.2902153872. Mean Squared Error: 51663143468956.18.
[2023-05-01T21:38:09.769-0400] {python.py:177} INFO - Done. Returned value was: None
[2023-05-01T21:38:09.773-0400] {taskinstance.py:1327} INFO - Marking task as SUCCESS. dag_id=stock_dag, task_id=integrate_ml_training, execution_date=20230502T013241, start_date=20230502T013416, end_date=20230502T013809
[2023-05-01T21:38:09.867-0400] {local_task_job.py:212} INFO - Task exited with return code 0
[2023-05-01T21:38:09.876-0400] {taskinstance.py:2596} INFO - 0 downstream tasks scheduled from follow-on schedule check

