Shriraj.
*** Reading local file: /home/shriraj/airflow/logs/dag_id=stock_dag/run_id=manual__2023-05-02T01:32:41.021671+00:00/task_id=perform_feature_engineering/attempt=1.log
[2023-05-01T21:34:01.455-0400] {taskinstance.py:1090} INFO - Dependencies all met for dep_context=non-requeueable deps ti=<TaskInstance: stock_dag.perform_feature_engineering manual__2023-05-02T01:32:41.021671+00:00 [queued]>
[2023-05-01T21:34:01.465-0400] {taskinstance.py:1090} INFO - Dependencies all met for dep_context=requeueable deps ti=<TaskInstance: stock_dag.perform_feature_engineering manual__2023-05-02T01:32:41.021671+00:00 [queued]>
[2023-05-01T21:34:01.465-0400] {taskinstance.py:1288} INFO - 
--------------------------------------------------------------------------------
[2023-05-01T21:34:01.465-0400] {taskinstance.py:1289} INFO - Starting attempt 1 of 2
[2023-05-01T21:34:01.465-0400] {taskinstance.py:1290} INFO - 
--------------------------------------------------------------------------------
[2023-05-01T21:34:01.484-0400] {taskinstance.py:1309} INFO - Executing <Task(PythonOperator): perform_feature_engineering> on 2023-05-02 01:32:41.021671+00:00
[2023-05-01T21:34:01.487-0400] {standard_task_runner.py:55} INFO - Started process 31963 to run task
[2023-05-01T21:34:01.489-0400] {standard_task_runner.py:82} INFO - Running: ['airflow', 'tasks', 'run', 'stock_dag', 'perform_feature_engineering', 'manual__2023-05-02T01:32:41.021671+00:00', '--job-id', '305', '--raw', '--subdir', 'DAGS_FOLDER/test_dag.py', '--cfg-path', '/tmp/tmp_c__7ngr']
[2023-05-01T21:34:01.490-0400] {standard_task_runner.py:83} INFO - Job 305: Subtask perform_feature_engineering
[2023-05-01T21:34:01.538-0400] {task_command.py:389} INFO - Running <TaskInstance: stock_dag.perform_feature_engineering manual__2023-05-02T01:32:41.021671+00:00 [running]> on host Shriraj.
[2023-05-01T21:34:01.595-0400] {taskinstance.py:1516} INFO - Exporting the following env vars:
AIRFLOW_CTX_DAG_EMAIL=airflow@example.com
AIRFLOW_CTX_DAG_OWNER=airflow
AIRFLOW_CTX_DAG_ID=stock_dag
AIRFLOW_CTX_TASK_ID=perform_feature_engineering
AIRFLOW_CTX_EXECUTION_DATE=2023-05-02T01:32:41.021671+00:00
AIRFLOW_CTX_TRY_NUMBER=1
AIRFLOW_CTX_DAG_RUN_ID=manual__2023-05-02T01:32:41.021671+00:00
[2023-05-01T21:34:09.171-0400] {logging_mixin.py:137} INFO - DONE
[2023-05-01T21:34:09.306-0400] {python.py:177} INFO - Done. Returned value was: None
[2023-05-01T21:34:09.311-0400] {taskinstance.py:1327} INFO - Marking task as SUCCESS. dag_id=stock_dag, task_id=perform_feature_engineering, execution_date=20230502T013241, start_date=20230502T013401, end_date=20230502T013409
[2023-05-01T21:34:09.370-0400] {local_task_job.py:212} INFO - Task exited with return code 0
[2023-05-01T21:34:09.382-0400] {taskinstance.py:2596} INFO - 1 downstream tasks scheduled from follow-on schedule check

